--------------------------------------------------------------------------
[[61415,1],0]: A high-performance Open MPI point-to-point messaging module
was unable to find any relevant network interfaces:

Module: OpenFabrics (openib)
  Host: plasmon-ms

Another transport will be used instead, although this may result in
lower performance.

NOTE: You can disable this warning by setting the MCA parameter
btl_base_warn_component_unused to 0.
--------------------------------------------------------------------------

     Program GIPAW v.6.7MaX starts on 20Jun2021 at 18: 2: 8 

     This program is part of the open-source Quantum ESPRESSO suite
     for quantum simulation of materials; please cite
         "P. Giannozzi et al., J. Phys.:Condens. Matter 21 395502 (2009);
         "P. Giannozzi et al., J. Phys.:Condens. Matter 29 465901 (2017);
          URL http://www.quantum-espresso.org", 
     in publications or presentations arising from this work. More details at
     http://www.quantum-espresso.org/quote

     Parallel version (MPI), running on     1 processors

     MPI processes distributed on     1 nodes

     ***** This is GIPAW git revision                                          *****
     ***** you can cite: N. Varini et al., Comp. Phys. Comm. 184, 1827 (2013)  *****
     ***** in publications or presentations arising from this work.            *****

     Parallelizing q-star over 1 images

     Reading xml data from directory:

     ./pwscf.save/

     IMPORTANT: XC functional enforced from input :
     Exchange-correlation= PBE
                           (   1   4   3   4   0   0   0)
     Any further DFT definition will be discarded
     Please, verify this is what you really want


     G-vector sticks info
     --------------------
     sticks:   dense  smooth     PW     G-vecs:    dense   smooth      PW
     Sum        2107    2107    583                87415    87415   12313

     Reading collected, re-writing distributed wavefunctions

     Subspace diagonalization in iterative solution of the eigenvalue problem:
     a serial algorithm will be used

     GIPAW projectors -----------------------------------------------
     atom=  Si   l=0  rc=    2.0000  rs=    1.3333
     atom=  Si   l=0  rc=    2.0000  rs=    1.3333
     atom=  Si   l=1  rc=    2.0000  rs=    1.3333
     atom=  Si   l=1  rc=    2.0000  rs=    1.3333
     atom=  Si   l=2  rc=    2.0000  rs=    1.3333
     atom=  Si   l=2  rc=    2.0000  rs=    1.3333
     projs nearly linearly dependent: l=1  n1,n2= 1, 2  s=  0.99854623
     projs nearly linearly dependent: l=2  n1,n2= 1, 2  s=  0.99998260

     atom=  O    l=0  rc=    1.4500  rs=    0.9667
     atom=  O    l=0  rc=    1.4500  rs=    0.9667
     atom=  O    l=1  rc=    1.4500  rs=    0.9667
     atom=  O    l=1  rc=    1.4500  rs=    0.9667
     projs nearly linearly dependent: l=1  n1,n2= 1, 2  s= -0.99382826
     -----------------------------------------------------------------

     GIPAW integrals: -------------------------------------------
     Atom  i/j   nmr_para   nmr_dia   epr_rmc  epr_para   epr_dia
       Si  1 1   0.12E+04  0.28E+00  0.91E+01  0.33E+05  0.89E+01
       Si  2 1  -0.12E+04 -0.22E+00 -0.93E+01 -0.33E+05 -0.87E+01
       Si  2 2   0.12E+04  0.12E+00  0.94E+01  0.34E+05  0.86E+01
       Si  3 3   0.14E+02  0.32E+00  0.78E+01  0.36E+03  0.89E+01
       Si  4 3   0.14E+02  0.31E+00  0.79E+01  0.36E+03  0.88E+01
       Si  4 4   0.14E+02  0.30E+00  0.79E+01  0.37E+03  0.88E+01
       Si  5 5   0.13E+00  0.19E-01  0.20E+00  0.40E+01  0.39E+00
       Si  6 5   0.13E+00  0.19E-01  0.20E+00  0.41E+01  0.40E+00
       Si  6 6   0.13E+00  0.20E-01  0.21E+00  0.42E+01  0.41E+00
       O   1 1   0.94E+03  0.22E+00  0.82E+01  0.16E+05  0.59E+01
       O   2 1  -0.11E+04 -0.25E+00 -0.99E+01 -0.19E+05 -0.75E+01
       O   2 2   0.13E+04  0.29E+00  0.12E+02  0.22E+05  0.97E+01
       O   3 3   0.43E+01  0.13E+00  0.12E+01  0.98E+02  0.24E+01
       O   4 3  -0.53E+01 -0.19E+00 -0.16E+01 -0.12E+03 -0.33E+01
       O   4 4   0.64E+01  0.26E+00  0.23E+01  0.14E+03  0.45E+01
     ------------------------------------------------------------


     smearing ngauss=   0  degauss=  0.0010 Ry
     alpha_pv=     19.3057 eV

     Number of occupied bands for each k-point:
     k-point:     1    nbnd_occ=  19
     k-point:     2    nbnd_occ=  20
     k-point:     3    nbnd_occ=  20
     k-point:     4    nbnd_occ=  19
     k-point:     5    nbnd_occ=  20
     k-point:     6    nbnd_occ=  20
     k-point:     7    nbnd_occ=  20
     k-point:     8    nbnd_occ=  19
     k-point:     9    nbnd_occ=  19
     k-point:    10    nbnd_occ=  20
     k-point:    11    nbnd_occ=  19
     k-point:    12    nbnd_occ=  19
     k-point:    13    nbnd_occ=  19
     k-point:    14    nbnd_occ=  19
     k-point:    15    nbnd_occ=  19
     k-point:    16    nbnd_occ=  19
     k-point:    17    nbnd_occ=  19
     k-point:    18    nbnd_occ=  19
     k-point:    19    nbnd_occ=  19
     k-point:    20    nbnd_occ=  19
     k-point:    21    nbnd_occ=  19
     k-point:    22    nbnd_occ=  19
     k-point:    23    nbnd_occ=  19
     k-point:    24    nbnd_occ=  19


     q-space interpolation up to    88.00 Rydberg

     GIPAW job: hyperfine                                                                       


     (RHO,ZETA) => (RHO_UP,RHO_DOWN)

     select_spin: s_maj=1 s_min=2 rho_diff=    1.000000

     select_spin: s_maj=1 s_min=2 rho_diff=    1.000000

     select_spin: s_maj=1 s_min=2 rho_diff=    1.000000

     Warning: core-relaxation is an experimental feature
     core-relax: calculating AE orbitals
     core-relax: method = 1
     Si     1S   eig=   -131.1989 Ry   norm=      1.0000
     Si     2S   eig=    -10.5789 Ry   norm=      1.0000
     Si     3S   eig=     -1.1300 Ry   norm=      1.0000
     Si     4S   eig=     -0.1959 Ry   norm=      1.0000
     Si     5S   eig=     -0.0661 Ry   norm=      1.0000
     Si     6S   eig=     -0.0264 Ry   norm=      1.0000
     Si     7S   eig=     -0.0152 Ry   norm=      1.0002

     O      1S   eig=    -39.1840 Ry   norm=      1.0000
     O      2S   eig=     -2.9114 Ry   norm=      1.0000
     O      3S   eig=     -0.4474 Ry   norm=      1.0000
     O      4S   eig=     -0.1545 Ry   norm=      1.0000
     O      5S   eig=     -0.0809 Ry   norm=      1.0000
     O      6S   eig=     -0.0493 Ry   norm=      1.0000
     O      7S   eig=     -0.0331 Ry   norm=      1.0000
     O      8S   eig=     -0.0237 Ry   norm=      1.0020

     select_spin: s_maj=1 s_min=2 rho_diff=    1.000000

     core-relax: max core radius (r_max) =        5.0000
     core-relax: projecting around atom   1
     core-relax: integrated charge =    32.2126
     core-relax: projecting around atom   2
     core-relax: integrated charge =    31.1887
     core-relax: projecting around atom   3
     core-relax: integrated charge =    27.8428
     core-relax: projecting around atom   4
     core-relax: integrated charge =    23.2916
     core-relax: projecting around atom   5
     core-relax: integrated charge =    28.7027
     core-relax: projecting around atom   6
     core-relax: integrated charge =    28.4229
     core-relax: projecting around atom   7
     core-relax: integrated charge =    34.1872
     core-relax: projecting around atom   8
     core-relax: integrated charge =    34.1270
     core-relax: projecting around atom   9
     core-relax: integrated charge =    33.8397
     O    1  1S splitting:   -0.014486
     O    1  1S -> 2S :   -0.091479
     O    1  1S -> 3S :   -0.007493
     O    1  1S -> 4S :   -0.001154
     O    1  1S -> 5S :   -0.000507
     O    1  1S -> 6S :   -0.000249
     O    1  1S -> 7S :   -0.000138
     O    1  1S -> 8S :   -0.000088
     O    2  1S splitting:   -0.012541
     O    2  1S -> 2S :   -0.079860
     O    2  1S -> 3S :   -0.006546
     O    2  1S -> 4S :   -0.001009
     O    2  1S -> 5S :   -0.000443
     O    2  1S -> 6S :   -0.000217
     O    2  1S -> 7S :   -0.000120
     O    2  1S -> 8S :   -0.000077
     O    3  1S splitting:   -0.001260
     O    3  1S -> 2S :   -0.008658
     O    3  1S -> 3S :   -0.000710
     O    3  1S -> 4S :   -0.000109
     O    3  1S -> 5S :   -0.000048
     O    3  1S -> 6S :   -0.000024
     O    3  1S -> 7S :   -0.000013
     O    3  1S -> 8S :   -0.000008
     O    4  1S splitting:   -0.000453
     O    4  1S -> 2S :   -0.003150
     O    4  1S -> 3S :   -0.000260
     O    4  1S -> 4S :   -0.000040
     O    4  1S -> 5S :   -0.000018
     O    4  1S -> 6S :   -0.000009
     O    4  1S -> 7S :   -0.000005
     O    4  1S -> 8S :   -0.000003
     O    5  1S splitting:   -0.000298
     O    5  1S -> 2S :   -0.002476
     O    5  1S -> 3S :   -0.000204
     O    5  1S -> 4S :   -0.000031
     O    5  1S -> 5S :   -0.000014
     O    5  1S -> 6S :   -0.000007
     O    5  1S -> 7S :   -0.000004
     O    5  1S -> 8S :   -0.000002
     O    6  1S splitting:   -0.000389
     O    6  1S -> 2S :   -0.002936
     O    6  1S -> 3S :   -0.000242
     O    6  1S -> 4S :   -0.000037
     O    6  1S -> 5S :   -0.000016
     O    6  1S -> 6S :   -0.000008
     O    6  1S -> 7S :   -0.000004
     O    6  1S -> 8S :   -0.000003
     Si   7  1S splitting:    0.000055
     Si   7  2S splitting:    0.000302
     Si   7  1S -> 2S :    0.000205
     Si   7  1S -> 3S :    0.000014
     Si   7  1S -> 4S :    0.000002
     Si   7  1S -> 5S :    0.000000
     Si   7  1S -> 6S :    0.000000
     Si   7  1S -> 7S :    0.000000
     Si   7  2S -> 3S :    0.000045
     Si   7  2S -> 4S :    0.000146
     Si   7  2S -> 5S :    0.000042
     Si   7  2S -> 6S :    0.000012
     Si   7  2S -> 7S :    0.000005
     Si   8  1S splitting:    0.000051
     Si   8  2S splitting:   -0.000045
     Si   8  1S -> 2S :    0.000129
     Si   8  1S -> 3S :    0.000010
     Si   8  1S -> 4S :    0.000001
     Si   8  1S -> 5S :    0.000000
     Si   8  1S -> 6S :    0.000000
     Si   8  1S -> 7S :    0.000000
     Si   8  2S -> 3S :   -0.001851
     Si   8  2S -> 4S :   -0.000158
     Si   8  2S -> 5S :   -0.000041
     Si   8  2S -> 6S :   -0.000011
     Si   8  2S -> 7S :   -0.000005
     Si   9  1S splitting:    0.000036
     Si   9  2S splitting:   -0.000945
     Si   9  1S -> 2S :   -0.000100
     Si   9  1S -> 3S :   -0.000004
     Si   9  1S -> 4S :   -0.000000
     Si   9  1S -> 5S :   -0.000000
     Si   9  1S -> 6S :   -0.000000
     Si   9  1S -> 7S :   -0.000000
     Si   9  2S -> 3S :   -0.014363
     Si   9  2S -> 4S :   -0.001341
     Si   9  2S -> 5S :   -0.000347
     Si   9  2S -> 6S :   -0.000092
     Si   9  2S -> 7S :   -0.000040


     NUCLEAR G-TENSORS FROM INPUT:
     O    1     -0.757000
     O    2     -0.757000
     O    3     -0.757000
     O    4     -0.757000
     O    5     -0.757000
     O    6     -0.757000
     Si   7     -1.111100
     Si   8     -1.111100
     Si   9     -1.111100

     NUCLEAR HYPERFINE COUPLINGS IN mT        :

     DIPOLAR COUPLINGS:
     ----- bare term -----
     O    1        1.171864       -0.045534       -1.230059
     O    1       -0.045534        1.561031       -0.185629
     O    1       -1.230059       -0.185629       -2.732896

     O    2        0.882531       -0.780974        1.071359
     O    2       -0.780974        0.126003        1.745002
     O    2        1.071359        1.745002       -1.008533

     O    3       -0.214585       -0.080065        0.149337
     O    3       -0.080065        0.130349        0.019098
     O    3        0.149337        0.019098        0.084235

     O    4        0.012699       -0.006819        0.029201
     O    4       -0.006819        0.023471        0.044578
     O    4        0.029201        0.044578       -0.036170

     O    5       -0.037012        0.034309       -0.052012
     O    5        0.034309        0.033838        0.032977
     O    5       -0.052012        0.032977        0.003174

     O    6        0.036239       -0.048864       -0.001563
     O    6       -0.048864       -0.054955        0.045018
     O    6       -0.001563        0.045018        0.018717

     Si   7       -0.061647       -0.106322       -0.051665
     Si   7       -0.106322        0.038496        0.003091
     Si   7       -0.051665        0.003091        0.023151

     Si   8       -0.039394        0.007262       -0.024269
     Si   8        0.007262        0.027492        0.004324
     Si   8       -0.024269        0.004324        0.011902

     Si   9        0.011993       -0.068259        0.048500
     Si   9       -0.068259       -0.018292        0.059679
     Si   9        0.048500        0.059679        0.006299

     ----- GIPAW term -----
     O    1        0.107723       -0.080053       -0.146285
     O    1       -0.080053        0.035413       -0.271677
     O    1       -0.146285       -0.271677       -0.143136

     O    2        0.006294       -0.063724        0.118665
     O    2       -0.063724        0.145944        0.039915
     O    2        0.118665        0.039915       -0.152238

     O    3       -0.321779       -0.167429       -0.143225
     O    3       -0.167429        0.200137        0.014150
     O    3       -0.143225        0.014150        0.121642

     O    4       -0.115524       -0.104351        0.109117
     O    4       -0.104351        0.015330        0.003110
     O    4        0.109117        0.003110        0.100194

     O    5        0.002113        0.049486       -0.102058
     O    5        0.049486       -0.015859        0.062030
     O    5       -0.102058        0.062030        0.013746

     O    6        0.014386        0.015735       -0.028042
     O    6        0.015735       -0.029151        0.043417
     O    6       -0.028042        0.043417        0.014765

     Si   7       -0.010503        0.012649        0.008665
     Si   7        0.012649        0.005397       -0.018115
     Si   7        0.008665       -0.018115        0.005106

     Si   8        0.031182        0.012196        0.029239
     Si   8        0.012196       -0.019576        0.006256
     Si   8        0.029239        0.006256       -0.011606

     Si   9       -0.044600       -0.067385        0.040335
     Si   9       -0.067385        0.001241        0.028963
     Si   9        0.040335        0.028963        0.043358

     ----- total dipolar -----
     O    1        1.279587       -0.125587       -1.376345
     O    1       -0.125587        1.596444       -0.457306
     O    1       -1.376345       -0.457306       -2.876031

     O    2        0.888825       -0.844699        1.190024
     O    2       -0.844699        0.271947        1.784917
     O    2        1.190024        1.784917       -1.160772

     O    3       -0.536363       -0.247494        0.006112
     O    3       -0.247494        0.330486        0.033247
     O    3        0.006112        0.033247        0.205878

     O    4       -0.102825       -0.111169        0.138318
     O    4       -0.111169        0.038801        0.047688
     O    4        0.138318        0.047688        0.064024

     O    5       -0.034899        0.083794       -0.154069
     O    5        0.083794        0.017979        0.095007
     O    5       -0.154069        0.095007        0.016921

     O    6        0.050625       -0.033129       -0.029605
     O    6       -0.033129       -0.084106        0.088434
     O    6       -0.029605        0.088434        0.033481

     Si   7       -0.072150       -0.093673       -0.043000
     Si   7       -0.093673        0.043893       -0.015023
     Si   7       -0.043000       -0.015023        0.028257

     Si   8       -0.008213        0.019459        0.004970
     Si   8        0.019459        0.007917        0.010580
     Si   8        0.004970        0.010580        0.000296

     Si   9       -0.032607       -0.135644        0.088835
     Si   9       -0.135644       -0.017050        0.088642
     Si   9        0.088835        0.088642        0.049657

     ----- total dipolar (symmetrized) -----
     O    1        1.279587       -0.125587       -1.376345
     O    1       -0.125587        1.596444       -0.457306
     O    1       -1.376345       -0.457306       -2.876031

     O    2        0.888825       -0.844699        1.190024
     O    2       -0.844699        0.271947        1.784917
     O    2        1.190024        1.784917       -1.160772

     O    3       -0.536363       -0.247494        0.006112
     O    3       -0.247494        0.330486        0.033247
     O    3        0.006112        0.033247        0.205878

     O    4       -0.102825       -0.111169        0.138318
     O    4       -0.111169        0.038801        0.047688
     O    4        0.138318        0.047688        0.064024

     O    5       -0.034899        0.083794       -0.154069
     O    5        0.083794        0.017979        0.095007
     O    5       -0.154069        0.095007        0.016921

     O    6        0.050625       -0.033129       -0.029605
     O    6       -0.033129       -0.084106        0.088434
     O    6       -0.029605        0.088434        0.033481

     Si   7       -0.072150       -0.093673       -0.043000
     Si   7       -0.093673        0.043893       -0.015023
     Si   7       -0.043000       -0.015023        0.028257

     Si   8       -0.008213        0.019459        0.004970
     Si   8        0.019459        0.007917        0.010580
     Si   8        0.004970        0.010580        0.000296

     Si   9       -0.032607       -0.135644        0.088835
     Si   9       -0.135644       -0.017050        0.088642
     Si   9        0.088835        0.088642        0.049657


     PRINCIPAL AXIS OF THE DIPOLAR COUPLINGS:
     O    1    Axx=    1.6396    axis=(  0.225696 -0.973741  0.029822)
     O    1    Ayy=    1.6965    axis=(  0.931014  0.206577 -0.300895)
     O    1    Azz=   -3.3361    axis=(  0.286834  0.095675  0.953191)

     O    2    Axx=    1.4280    axis=(  0.797534  0.258705  0.544987)
     O    2    Ayy=    1.4978    axis=( -0.486118  0.810565  0.326610)
     O    2    Azz=   -2.9258    axis=( -0.357252 -0.525410  0.772215)

     O    3    Axx=    0.2013    axis=(  0.056908 -0.145231  0.987760)
     O    3    Ayy=    0.4010    axis=( -0.251265  0.955435  0.154954)
     O    3    Azz=   -0.6023    axis=( -0.966244 -0.257007  0.017880)

     O    4    Axx=    0.0891    axis=(  0.236981 -0.890984 -0.387283)
     O    4    Ayy=    0.1449    axis=(  0.546194 -0.207483  0.811556)
     O    4    Azz=   -0.2340    axis=(  0.803437  0.403855 -0.437481)

     O    5    Axx=    0.0777    axis=( -0.488774 -0.865046 -0.113113)
     O    5    Ayy=    0.1513    axis=( -0.563692  0.214190  0.797731)
     O    5    Azz=   -0.2290    axis=(  0.665846 -0.453671  0.592310)

     O    6    Axx=    0.0224    axis=(  0.811508  0.202718  0.548051)
     O    6    Ayy=    0.1105    axis=(  0.577911 -0.417183 -0.701411)
     O    6    Azz=   -0.1328    axis=(  0.086448  0.885926 -0.455700)

     Si   7    Axx=    0.0395    axis=( -0.164762 -0.242527  0.956051)
     Si   7    Ayy=    0.0971    axis=(  0.505186 -0.853256 -0.129388)
     Si   7    Azz=   -0.1366    axis=(  0.847137  0.461666  0.263105)

     Si   8    Axx=   -0.0047    axis=( -0.307057 -0.286757  0.907462)
     Si   8    Ayy=   -0.0214    axis=(  0.813351 -0.574166  0.093776)
     Si   8    Azz=    0.0261    axis=(  0.494143  0.766879  0.409535)

     Si   9    Axx=    0.1062    axis=( -0.631429  0.147440 -0.761287)
     Si   9    Ayy=    0.1131    axis=( -0.413753  0.766262  0.491580)
     Si   9    Azz=   -0.2192    axis=(  0.655824  0.625383 -0.422836)


     ISOTROPIC (FERMI-CONTACT) COUPLINGS WITHOUT ZORA:
     USING CORE-RELAXATION METHOD: PRB 76, 035124 (2007)
     Warning: core-relaxation is an experimental feature
     ----- spin-densities in bohrradius^-3 -----
               bare            GIPAW           core-relax      total
     O    1        0.010479        0.216391       -0.101107        0.125762
     O    2        0.006853        0.173930       -0.088272        0.092511
     O    3       -0.000582        0.034089       -0.009570        0.023938
     O    4       -0.000529        0.013985       -0.003484        0.009972
     O    5       -0.001130        0.004653       -0.002738        0.000785
     O    6       -0.000886        0.011057       -0.003246        0.006925
     Si   7       -0.001137       -0.027097        0.000472       -0.027761
     Si   8       -0.001096       -0.003324       -0.001925       -0.006345
     Si   9       -0.000926        0.044676       -0.016288        0.027462
     ----- Fermi contact in mT -----
               bare            GIPAW           core-relax      total
     O    1       -0.226511       -4.677438        2.185512       -2.718438
     O    2       -0.148126       -3.759632        1.908062       -1.999695
     O    3        0.012572       -0.736860        0.206862       -0.517427
     O    4        0.011432       -0.302294        0.075312       -0.215550
     O    5        0.024436       -0.100583        0.059187       -0.016960
     O    6        0.019152       -0.239003        0.070171       -0.149679
     Si   7        0.036076        0.859689       -0.014979        0.880785
     Si   8        0.034776        0.105457        0.061073        0.201306
     Si   9        0.029367       -1.417419        0.516774       -0.871278

     Initialization:
     gipaw_setup  :      3.38s CPU      0.32s WALL (       1 calls)

     Linear response

     Apply operators

     Induced current

     Other routines
     hyperfine    :     23.22s CPU     23.57s WALL (       1 calls)
     core_relax   :     20.04s CPU     20.29s WALL (       1 calls)

     General routines
     calbec       :      2.14s CPU      2.14s WALL (     264 calls)
     fft          :      0.10s CPU      0.11s WALL (      37 calls)
     ffts         :      0.00s CPU      0.00s WALL (       2 calls)
     fftw         :      1.45s CPU      1.46s WALL (     696 calls)
     davcio       :      0.24s CPU      0.35s WALL (     312 calls)

     Parallel routines

     Plugins


     GIPAW        :     27.64s CPU     25.01s WALL


   This run was terminated on:  18: 2:33  20Jun2021            

=------------------------------------------------------------------------------=
   JOB DONE.
=------------------------------------------------------------------------------=
